strip ../original_binaries/leslie_O0 -o leslie_O0_stripped_leslie_O0
llc-3.0 -O2 -mattr=-sse -regalloc=greedy   -march=x86 leslie_O0.bc -o leslie_O0.s
gcc -g -c -O1  -m32 leslie_O0.s -o leslie_O0.o
objcopy --redefine-sym sigaction=sigaction_local leslie_O0.o
objcopy --redefine-sym signal=signal_local leslie_O0.o
python ../../scripts/update_symbol_names.py --prefix= leslie_O0.o
gcc -g -c -O1  -m32 leslie_O0_osegs.s -c -o leslie_O0_osegs.s.o
gcc -g -c -O1  -m32 leslie_O0_icthunk.s -c -o leslie_O0_icthunk.s.o
gcc  -m32 -shared -Wl,-soname,leslie_O0_fake_relocs -o leslie_O0_fake_relocs.so leslie_O0_fake_relocs.c
sed 's#"\(.*addrs[.]txt\)"#"leslie_O0_\1"#' ../../callbacks/addr_map.cpp  > leslie_O0_addr_map.cpp
sed 's#"\(.*addrs[.]txt\)"#"leslie_O0_\1"#' ../../callbacks/page_perms.cpp  > leslie_O0_page_perms.cpp
g++  -c -O1  -m32 leslie_O0_addr_map.cpp -c -o leslie_O0_addr_map.cpp.o -I ../../callbacks -I . 
g++  -c -O1  -m32 leslie_O0_page_perms.cpp -c -o leslie_O0_page_perms.cpp.o -I ../../callbacks -I . 
g++  -c -O1  -m32 leslie_O0_cbstubs.s -c -o leslie_O0_cbstubs.s.o
python ../../scripts/update_asm.py leslie_O0_ext_cbstubs.s
g++  -c -O1  -m32 leslie_O0_ext_cbstubs.s -c -o leslie_O0_ext_cbstubs.s.o
python ../../scripts/update_symbol_names.py --prefix= leslie_O0_ext_cbstubs.s.o
gcc -g -c -O1  -m32  ../../callbacks/segfault_handler_linux.c -I ../../callbacks -I . -o leslie_O0_segfault_handler.c.o
sed 's#  INCLUDE_STUBS()#  INCLUDE leslie_O0_cbstubs.ld\n  INCLUDE leslie_O0_redirect.ld\n#' ../../link/elf32.ld > leslie_O0_base.ld
sed -i 's#  INCLUDE_ORIG_BSS_SECTION()#  INCLUDE leslie_O0_osegs_bss_sec.ld#' leslie_O0_base.ld
sed -i 's#  INCLUDE_ORIG_BSS_ADDR()#  INCLUDE leslie_O0_osegs_bss_addr.ld#' leslie_O0_base.ld
sed -i 's#  INCLUDE_ORIG_DATA_TEXT()#  INCLUDE leslie_O0_osegs.ld#' leslie_O0_base.ld
gcc -g -rdynamic  leslie_O0.o -o ../output_binaries/leslie_O0.out leslie_O0_osegs.s.o  -Xlinker --check-sections leslie_O0_addr_map.cpp.o leslie_O0_page_perms.cpp.o leslie_O0_segfault_handler.c.o leslie_O0_cbstubs.s.o leslie_O0_ext_cbstubs.s.o leslie_O0_icthunk.s.o -m32 -lm  -Xlinker -Tleslie_O0_base.ld  ../lib/unknown_external_call.a ../lib/RuntimeEngineWorkhorse.a ../lib/CheckpointingWorkhorse.a leslie_O0_fake_relocs.so -nostdlib -lc -lm -lgcc -lstdc++ -lgfortran ../lib/libgfortran-4.6.so -l:../lib/libgfortran.so.3 -lrt -L. -L../lib/. -L /usr/lib/i386-linux-gnu/ -lgfortran  -lgfortran -lpthread 
python ../../scripts/elf_relocations.py leslie_O0_stripped_leslie_O0 ../output_binaries/leslie_O0.out
rm *.o *.cpp
rm leslie_O0_base.ld
rm leslie_O0_fake_relocs.so
rm leslie_O0.s
rm leslie_O0_stripped_leslie_O0

