strip ../original_binaries//gromacs_O0 -o gromacs.435.O0_stripped_gromacs.435
llc-3.0 -O2 -mattr=-sse -regalloc=greedy   -march=x86 gromacs.435.bc -o gromacs.435.s
gcc -g -c -O1  -m32 gromacs.435.s -o gromacs.435.o
objcopy --redefine-sym sigaction=sigaction_local gromacs.435.o
objcopy --redefine-sym signal=signal_local gromacs.435.o
python ../../scripts/update_symbol_names.py --prefix= gromacs.435.o
gcc -g -c -O1  -m32 gromacs.435_osegs.s -c -o gromacs.435_osegs.s.o
gcc -g -c -O1  -m32 gromacs.435_icthunk.s -c -o gromacs.435_icthunk.s.o
gcc  -m32 -shared -Wl,-soname,gromacs.435_fake_relocs -o gromacs.435_fake_relocs.so gromacs.435_fake_relocs.c
sed 's#"\(.*addrs[.]txt\)"#"gromacs.435_\1"#' ../../callbacks/addr_map.cpp  > gromacs.435_addr_map.cpp
sed 's#"\(.*addrs[.]txt\)"#"gromacs.435_\1"#' ../../callbacks/page_perms.cpp  > gromacs.435_page_perms.cpp
g++  -c -O1  -m32 gromacs.435_addr_map.cpp -c -o gromacs.435_addr_map.cpp.o -I ../../callbacks -I . 
g++  -c -O1  -m32 gromacs.435_page_perms.cpp -c -o gromacs.435_page_perms.cpp.o -I ../../callbacks -I . 
g++  -c -O1  -m32 gromacs.435_cbstubs.s -c -o gromacs.435_cbstubs.s.o
python ../../scripts/update_asm.py gromacs.435_ext_cbstubs.s
g++  -c -O1  -m32 gromacs.435_ext_cbstubs.s -c -o gromacs.435_ext_cbstubs.s.o
python ../../scripts/update_symbol_names.py --prefix= gromacs.435_ext_cbstubs.s.o
gcc -g -c -O1  -m32  ../../callbacks/segfault_handler_linux.c -I ../../callbacks -I . -o gromacs.435_segfault_handler.c.o
sed 's#  INCLUDE_STUBS()#  INCLUDE gromacs.435_cbstubs.ld\n  INCLUDE gromacs.435_redirect.ld\n#' ../../link/elf32.ld > gromacs.435_base.ld
sed -i 's#  INCLUDE_ORIG_BSS_SECTION()#  INCLUDE gromacs.435_osegs_bss_sec.ld#' gromacs.435_base.ld
sed -i 's#  INCLUDE_ORIG_BSS_ADDR()#  INCLUDE gromacs.435_osegs_bss_addr.ld#' gromacs.435_base.ld
sed -i 's#  INCLUDE_ORIG_DATA_TEXT()#  INCLUDE gromacs.435_osegs.ld#' gromacs.435_base.ld
gcc -g -rdynamic  gromacs.435.o -o ../output_binaries/gromacs_O0.out gromacs.435_osegs.s.o  -Xlinker --check-sections gromacs.435_addr_map.cpp.o gromacs.435_page_perms.cpp.o gromacs.435_segfault_handler.c.o gromacs.435_cbstubs.s.o gromacs.435_ext_cbstubs.s.o gromacs.435_icthunk.s.o -m32 -lm  -Xlinker -Tgromacs.435_base.ld  ../lib/unknown_external_call.a ../lib/RuntimeEngineWorkhorse.a ../lib/CheckpointingWorkhorse.a gromacs.435_fake_relocs.so -nostdlib -lc -lm -lgcc -lstdc++ -lgfortran ../lib/libgfortran-4.6.so -l:libgfortran.so.3 -lrt -L /usr/lib/i386-linux-gnu/  -lgfortran -lpthread
python ../../scripts/elf_relocations.py gromacs.435.O0_stripped_gromacs.435 ../output_binaries/gromacs_O0.out
rm *.o *.cpp
rm gromacs.435_base.ld
rm gromacs.435_fake_relocs.so
rm gromacs.435.s
rm gromacs.435.O0_stripped_gromacs.435

