llc-3.0 -O2 -mattr=-sse -regalloc=greedy   -march=x86 bzip2_O0.bc -o bzip2_O0.s
gcc -g -c -O1  -m32 bzip2_O0.s -lpthread -o bzip2_O0.o
objcopy --redefine-sym sigaction=sigaction_local bzip2_O0.o
objcopy --redefine-sym signal=signal_local bzip2_O0.o
python ../../scripts/update_symbol_names.py --prefix= bzip2_O0.o
gcc -g -c -O1  -m32 bzip2_O0_osegs.s -c -o bzip2_O0_osegs.s.o
gcc -g -c -O1  -m32 bzip2_O0_icthunk.s -c -o bzip2_O0_icthunk.s.o
gcc  -m32 -shared -Wl,-soname,bzip2_O0_fake_relocs -o bzip2_O0_fake_relocs.so bzip2_O0_fake_relocs.c
sed 's#"\(.*addrs[.]txt\)"#"bzip2_O0_\1"#' ../../callbacks/addr_map.cpp  > bzip2_O0_addr_map.cpp
sed 's#"\(.*addrs[.]txt\)"#"bzip2_O0_\1"#' ../../callbacks/page_perms.cpp  > bzip2_O0_page_perms.cpp
g++  -c -O1  -m32 bzip2_O0_addr_map.cpp -c -o bzip2_O0_addr_map.cpp.o -I ../../callbacks -I . 
g++  -c -O1  -m32 bzip2_O0_page_perms.cpp -c -o bzip2_O0_page_perms.cpp.o -I ../../callbacks -I . 
g++  -c -O1  -m32 bzip2_O0_cbstubs.s -c -o bzip2_O0_cbstubs.s.o
python ../../scripts/update_asm.py bzip2_O0_ext_cbstubs.s
g++  -c -O1  -m32 bzip2_O0_ext_cbstubs.s -c -o bzip2_O0_ext_cbstubs.s.o
python ../../scripts/update_symbol_names.py --prefix= bzip2_O0_ext_cbstubs.s.o
gcc -g -c -O1  -m32  ../../callbacks/segfault_handler_linux.c -I ../../callbacks -I . -o bzip2_O0_segfault_handler.c.o
sed 's#  INCLUDE_STUBS()#  INCLUDE bzip2_O0_cbstubs.ld\n  INCLUDE bzip2_O0_redirect.ld\n#' ../../link/elf32.ld > bzip2_O0_base.ld
sed -i 's#  INCLUDE_ORIG_BSS_SECTION()#  INCLUDE bzip2_O0_osegs_bss_sec.ld#' bzip2_O0_base.ld
sed -i 's#  INCLUDE_ORIG_BSS_ADDR()#  INCLUDE bzip2_O0_osegs_bss_addr.ld#' bzip2_O0_base.ld
sed -i 's#  INCLUDE_ORIG_DATA_TEXT()#  INCLUDE bzip2_O0_osegs.ld#' bzip2_O0_base.ld
gcc -g -rdynamic  bzip2_O0.o -o ../output_binaries/bzip2_O0.out bzip2_O0_osegs.s.o  -Xlinker --check-sections bzip2_O0_addr_map.cpp.o bzip2_O0_page_perms.cpp.o bzip2_O0_segfault_handler.c.o bzip2_O0_cbstubs.s.o bzip2_O0_ext_cbstubs.s.o bzip2_O0_icthunk.s.o -m32 -lm  -Xlinker -Tbzip2_O0_base.ld  ../lib/unknown_external_call.a ../lib/RuntimeEngineWorkhorse.a ../lib/CheckpointingWorkhorse.a bzip2_O0_fake_relocs.so -nostdlib -lc -lm -lgcc -lstdc++ -lgfortran ../lib/libgfortran-4.6.so -l:libgfortran.so.3 -lrt -L /usr/lib/i386-linux-gnu/  -lgfortran  -lpthread
python ../../scripts/elf_relocations.py ../original_binaries/bzip2_O0 ../output_binaries/bzip2_O0.out
#rm *.o *.cpp
#rm bzip2_O0_base.ld
#rm bzip2_O0_fake_relocs.so
#rm bzip2_O0.s

