strip ../original_binaries/lbm_O0 -o lbm_O0_stripped_lbm_O0
llc-3.0 -O2 -mattr=-sse -regalloc=greedy   -march=x86 lbm_O0.bc -o lbm_O0.s
gcc -g -c -O1  -m32 lbm_O0.s -o lbm_O0.o
objcopy --redefine-sym sigaction=sigaction_local lbm_O0.o
objcopy --redefine-sym signal=signal_local lbm_O0.o
python ../../scripts/update_symbol_names.py --prefix= lbm_O0.o
gcc -g -c -O1  -m32 lbm_O0_osegs.s -c -o lbm_O0_osegs.s.o
gcc -g -c -O1  -m32 lbm_O0_icthunk.s -c -o lbm_O0_icthunk.s.o
gcc  -m32 -shared -Wl,-soname,lbm_O0_fake_relocs -o lbm_O0_fake_relocs.so lbm_O0_fake_relocs.c
sed 's#"\(.*addrs[.]txt\)"#"lbm_O0_\1"#' ../../callbacks/addr_map.cpp  > lbm_O0_addr_map.cpp
sed 's#"\(.*addrs[.]txt\)"#"lbm_O0_\1"#' ../../callbacks/page_perms.cpp  > lbm_O0_page_perms.cpp
g++  -c -O1  -m32 lbm_O0_addr_map.cpp -c -o lbm_O0_addr_map.cpp.o -I ../../callbacks -I . 
g++  -c -O1  -m32 lbm_O0_page_perms.cpp -c -o lbm_O0_page_perms.cpp.o -I ../../callbacks -I . 
g++  -c -O1  -m32 lbm_O0_cbstubs.s -c -o lbm_O0_cbstubs.s.o
python ../../scripts/update_asm.py lbm_O0_ext_cbstubs.s
g++  -c -O1  -m32 lbm_O0_ext_cbstubs.s -c -o lbm_O0_ext_cbstubs.s.o
python ../../scripts/update_symbol_names.py --prefix= lbm_O0_ext_cbstubs.s.o
gcc -g -c -O1  -m32  ../../callbacks/segfault_handler_linux.c -I ../../callbacks -I . -o lbm_O0_segfault_handler.c.o
sed 's#  INCLUDE_STUBS()#  INCLUDE lbm_O0_cbstubs.ld\n  INCLUDE lbm_O0_redirect.ld\n#' ../../link/elf32.ld > lbm_O0_base.ld
sed -i 's#  INCLUDE_ORIG_BSS_SECTION()#  INCLUDE lbm_O0_osegs_bss_sec.ld#' lbm_O0_base.ld
sed -i 's#  INCLUDE_ORIG_BSS_ADDR()#  INCLUDE lbm_O0_osegs_bss_addr.ld#' lbm_O0_base.ld
sed -i 's#  INCLUDE_ORIG_DATA_TEXT()#  INCLUDE lbm_O0_osegs.ld#' lbm_O0_base.ld
gcc -g -rdynamic  lbm_O0.o -o ../output_binaries/lbm_O0.out lbm_O0_osegs.s.o  -Xlinker --check-sections lbm_O0_addr_map.cpp.o lbm_O0_page_perms.cpp.o lbm_O0_segfault_handler.c.o lbm_O0_cbstubs.s.o lbm_O0_ext_cbstubs.s.o lbm_O0_icthunk.s.o -m32 -lm  -Xlinker -Tlbm_O0_base.ld  ../lib/unknown_external_call.a ../lib/RuntimeEngineWorkhorse.a ../lib/CheckpointingWorkhorse.a lbm_O0_fake_relocs.so -nostdlib -lc -lm -lgcc -lstdc++ -lgfortran ../lib/libgfortran-4.6.so -l:libgfortran.so.3 -lrt -L. -L /usr/lib/i386-linux-gnu/ -lprintf_wrapper.linux.i386  -lgfortran -lpthread 
python ../../scripts/elf_relocations.py lbm_O0_stripped_lbm_O0 ../output_binaries/lbm_O0.out
rm *.o *.cpp
rm lbm_O0_base.ld
rm lbm_O0_fake_relocs.so
rm lbm_O0.s
rm lbm_O0_stripped_lbm_O0 

