strip ../original_binaries/mcf_O0 -o mcf_O0_stripped_mcf_O0
llc-3.0 -O2 -mattr=-sse -regalloc=greedy   -march=x86 mcf_O0.bc -o mcf_O0.s
gcc -g -c -O1  -m32 mcf_O0.s -o mcf_O0.o
objcopy --redefine-sym sigaction=sigaction_local mcf_O0.o
objcopy --redefine-sym signal=signal_local mcf_O0.o
python ../../scripts/update_symbol_names.py --prefix= mcf_O0.o
gcc -g -c -O1  -m32 mcf_O0_osegs.s -c -o mcf_O0_osegs.s.o
gcc -g -c -O1  -m32 mcf_O0_icthunk.s -c -o mcf_O0_icthunk.s.o
gcc  -m32 -shared -Wl,-soname,mcf_O0_fake_relocs -o mcf_O0_fake_relocs.so mcf_O0_fake_relocs.c
sed 's#"\(.*addrs[.]txt\)"#"mcf_O0_\1"#' ../../callbacks/addr_map.cpp  > mcf_O0_addr_map.cpp
sed 's#"\(.*addrs[.]txt\)"#"mcf_O0_\1"#' ../../callbacks/page_perms.cpp  > mcf_O0_page_perms.cpp
g++  -c -O1  -m32 mcf_O0_addr_map.cpp -c -o mcf_O0_addr_map.cpp.o -I ../../callbacks -I . 
g++  -c -O1  -m32 mcf_O0_page_perms.cpp -c -o mcf_O0_page_perms.cpp.o -I ../../callbacks -I . 
g++  -c -O1  -m32 mcf_O0_cbstubs.s -c -o mcf_O0_cbstubs.s.o
python ../../scripts/update_asm.py mcf_O0_ext_cbstubs.s
g++  -c -O1  -m32 mcf_O0_ext_cbstubs.s -c -o mcf_O0_ext_cbstubs.s.o
python ../../scripts/update_symbol_names.py --prefix= mcf_O0_ext_cbstubs.s.o
gcc -g -c -O1  -m32  ../../callbacks/segfault_handler_linux.c -I ../../callbacks -I . -o mcf_O0_segfault_handler.c.o
sed 's#  INCLUDE_STUBS()#  INCLUDE mcf_O0_cbstubs.ld\n  INCLUDE mcf_O0_redirect.ld\n#' ../../link/elf32.ld > mcf_O0_base.ld
sed -i 's#  INCLUDE_ORIG_BSS_SECTION()#  INCLUDE mcf_O0_osegs_bss_sec.ld#' mcf_O0_base.ld
sed -i 's#  INCLUDE_ORIG_BSS_ADDR()#  INCLUDE mcf_O0_osegs_bss_addr.ld#' mcf_O0_base.ld
sed -i 's#  INCLUDE_ORIG_DATA_TEXT()#  INCLUDE mcf_O0_osegs.ld#' mcf_O0_base.ld
gcc -g -rdynamic  mcf_O0.o -o ../output_binaries/mcf_O0.out mcf_O0_osegs.s.o  -Xlinker --check-sections mcf_O0_addr_map.cpp.o mcf_O0_page_perms.cpp.o mcf_O0_segfault_handler.c.o mcf_O0_cbstubs.s.o mcf_O0_ext_cbstubs.s.o mcf_O0_icthunk.s.o -m32 -lm  -Xlinker -Tmcf_O0_base.ld  ../lib/unknown_external_call.a ../lib/RuntimeEngineWorkhorse.a ../lib/CheckpointingWorkhorse.a mcf_O0_fake_relocs.so -nostdlib -lc -lm -lgcc -lstdc++ -lgfortran ../lib/libgfortran-4.6.so -l:libgfortran.so.3 -lrt -L /usr/lib/i386-linux-gnu/  -lgfortran -lpthread 
python ../../scripts/elf_relocations.py mcf_O0_stripped_mcf_O0 ../output_binaries/mcf_O0.out
rm *.o *.cpp
rm mcf_O0_base.ld
rm mcf_O0_fake_relocs.so
rm mcf_O0.s
rm mcf_O0_stripped_mcf_O0

