strip ../original_binaries/h264ref_O0 -o h264ref_O0_stripped_h264ref_O0
llc-3.0 -O2 -mattr=-sse -regalloc=greedy   -march=x86 h264ref_O0.bc -o h264ref_O0.s
gcc -g -c -O1  -m32 h264ref_O0.s -o h264ref_O0.o
objcopy --redefine-sym sigaction=sigaction_local h264ref_O0.o
objcopy --redefine-sym signal=signal_local h264ref_O0.o
python ../../scripts/update_symbol_names.py --prefix= h264ref_O0.o
gcc -g -c -O1  -m32 h264ref_O0_osegs.s -c -o h264ref_O0_osegs.s.o
gcc -g -c -O1  -m32 h264ref_O0_icthunk.s -c -o h264ref_O0_icthunk.s.o
gcc  -m32 -shared -Wl,-soname,h264ref_O0_fake_relocs -o h264ref_O0_fake_relocs.so h264ref_O0_fake_relocs.c
sed 's#"\(.*addrs[.]txt\)"#"h264ref_O0_\1"#' ../../callbacks/addr_map.cpp  > h264ref_O0_addr_map.cpp
sed 's#"\(.*addrs[.]txt\)"#"h264ref_O0_\1"#' ../../callbacks/page_perms.cpp  > h264ref_O0_page_perms.cpp
g++  -c -O1  -m32 h264ref_O0_addr_map.cpp -c -o h264ref_O0_addr_map.cpp.o -I ../../callbacks -I . 
g++  -c -O1  -m32 h264ref_O0_page_perms.cpp -c -o h264ref_O0_page_perms.cpp.o -I ../../callbacks -I . 
g++  -c -O1  -m32 h264ref_O0_cbstubs.s -c -o h264ref_O0_cbstubs.s.o
python ../../scripts/update_asm.py h264ref_O0_ext_cbstubs.s
g++  -c -O1  -m32 h264ref_O0_ext_cbstubs.s -c -o h264ref_O0_ext_cbstubs.s.o
python ../../scripts/update_symbol_names.py --prefix= h264ref_O0_ext_cbstubs.s.o
gcc -g -c -O1  -m32  ../../callbacks/segfault_handler_linux.c -I ../../callbacks -I . -o h264ref_O0_segfault_handler.c.o
sed 's#  INCLUDE_STUBS()#  INCLUDE h264ref_O0_cbstubs.ld\n  INCLUDE h264ref_O0_redirect.ld\n#' ../../link/elf32.ld > h264ref_O0_base.ld
sed -i 's#  INCLUDE_ORIG_BSS_SECTION()#  INCLUDE h264ref_O0_osegs_bss_sec.ld#' h264ref_O0_base.ld
sed -i 's#  INCLUDE_ORIG_BSS_ADDR()#  INCLUDE h264ref_O0_osegs_bss_addr.ld#' h264ref_O0_base.ld
sed -i 's#  INCLUDE_ORIG_DATA_TEXT()#  INCLUDE h264ref_O0_osegs.ld#' h264ref_O0_base.ld
gcc -g -rdynamic  h264ref_O0.o -o ../output_binaries/h264ref_O0.out h264ref_O0_osegs.s.o  -Xlinker --check-sections h264ref_O0_addr_map.cpp.o h264ref_O0_page_perms.cpp.o h264ref_O0_segfault_handler.c.o h264ref_O0_cbstubs.s.o h264ref_O0_ext_cbstubs.s.o h264ref_O0_icthunk.s.o -m32 -lm  -Xlinker -Th264ref_O0_base.ld  ../lib/unknown_external_call.a ../lib/RuntimeEngineWorkhorse.a ../lib/CheckpointingWorkhorse.a h264ref_O0_fake_relocs.so -nostdlib -lc -lm -lgcc -lstdc++ -lgfortran ../lib/libgfortran-4.6.so -l:libgfortran.so.3 -lrt -L /usr/lib/i386-linux-gnu/  -lgfortran -lpthread 
python ../../scripts/elf_relocations.py h264ref_O0_stripped_h264ref_O0 ../output_binaries/h264ref_O0.out
rm *.o *.cpp
rm h264ref_O0_base.ld
rm h264ref_O0_fake_relocs.so
rm h264ref_O0.s
rm h264ref_O0_stripped_h264ref_O0
