strip ../original_binaries/soplex_O0 -o soplex.450.O0_stripped_soplex.450
llc-3.0 -O2 -mattr=-sse -regalloc=greedy   -march=x86 soplex.450.bc -o soplex.450.s
gcc -g -c -O1  -m32 soplex.450.s -o soplex.450.o
objcopy --redefine-sym sigaction=sigaction_local soplex.450.o
objcopy --redefine-sym signal=signal_local soplex.450.o
python ../../scripts/update_symbol_names.py --prefix= soplex.450.o
gcc -g -c -O1  -m32 soplex.450_osegs.s -c -o soplex.450_osegs.s.o
gcc  -m32 -shared -Wl,-soname,soplex.450_fake_relocs -o soplex.450_fake_relocs.so soplex.450_fake_relocs.c
sed 's#"\(.*addrs[.]txt\)"#"soplex.450_\1"#' ../../callbacks/addr_map.cpp  > soplex.450_addr_map.cpp
sed 's#"\(.*addrs[.]txt\)"#"soplex.450_\1"#' ../../callbacks/page_perms.cpp  > soplex.450_page_perms.cpp
g++  -c -O1  -m32 soplex.450_addr_map.cpp -c -o soplex.450_addr_map.cpp.o -I ../../callbacks -I . 
g++  -c -O1  -m32 soplex.450_page_perms.cpp -c -o soplex.450_page_perms.cpp.o -I ../../callbacks -I . 
g++  -c -O1  -m32 soplex.450_cbstubs.s -c -o soplex.450_cbstubs.s.o
python ../../scripts/update_asm.py soplex.450_ext_cbstubs.s
g++  -c -O1  -m32 soplex.450_ext_cbstubs.s -c -o soplex.450_ext_cbstubs.s.o
python ../../scripts/update_symbol_names.py --prefix= soplex.450_ext_cbstubs.s.o
gcc -g -c -O1  -m32  ../../callbacks/segfault_handler_linux.c -I ../../callbacks -I . -o soplex.450_segfault_handler.c.o
sed 's#  INCLUDE_STUBS()#  INCLUDE soplex.450_cbstubs.ld\n  INCLUDE soplex.450_redirect.ld\n#' ../../link/elf32.ld > soplex.450_base.ld
sed -i 's#  INCLUDE_ORIG_BSS_SECTION()#  INCLUDE soplex.450_osegs_bss_sec.ld#' soplex.450_base.ld
sed -i 's#  INCLUDE_ORIG_BSS_ADDR()#  INCLUDE soplex.450_osegs_bss_addr.ld#' soplex.450_base.ld
sed -i 's#  INCLUDE_ORIG_DATA_TEXT()#  INCLUDE soplex.450_osegs.ld#' soplex.450_base.ld
gcc -g -rdynamic  soplex.450.o -o ../output_binaries/soplex_O0.out soplex.450_osegs.s.o  -Xlinker --check-sections soplex.450_addr_map.cpp.o soplex.450_page_perms.cpp.o soplex.450_segfault_handler.c.o soplex.450_cbstubs.s.o soplex.450_ext_cbstubs.s.o -m32 -lm  -Xlinker -Tsoplex.450_base.ld  ../lib/unknown_external_call.a ../lib/RuntimeEngineWorkhorse.a ../lib/CheckpointingWorkhorse.a soplex.450_fake_relocs.so -nostdlib -lc -lm -lgcc -lstdc++ -lgfortran ../lib/libgfortran-4.6.so -l:../lib/libgfortran.so.3 -lrt -L /usr/lib/i386-linux-gnu/  -lgfortran -L ../lib/. -lpthread
python ../../scripts/elf_relocations.py soplex.450.O0_stripped_soplex.450 ../output_binaries/soplex_O0.out
rm *.o *.cpp
rm soplex.450_base.ld
rm soplex.450_fake_relocs.so
rm soplex.450.s
rm soplex.450.O0_stripped_soplex.450
